0 info it worked if it ends with ok
1 verbose cli [ '/usr/bin/node', '/usr/bin/npm', 'install', 'yarn', '-g' ]
2 info using npm@2.15.11
3 info using node@v4.9.1
4 verbose install initial load of /usr/lib/package.json
5 verbose readDependencies loading dependencies from /usr/lib/package.json
6 silly cache add args [ 'yarn', null ]
7 verbose cache add spec yarn
8 silly cache add parsed spec Result {
8 silly cache add   raw: 'yarn',
8 silly cache add   scope: null,
8 silly cache add   name: 'yarn',
8 silly cache add   rawSpec: '',
8 silly cache add   spec: 'latest',
8 silly cache add   type: 'tag' }
9 silly addNamed yarn@latest
10 verbose addNamed "latest" is being treated as a dist-tag for yarn
11 info addNameTag [ 'yarn', 'latest' ]
12 silly mapToRegistry name yarn
13 silly mapToRegistry using default registry
14 silly mapToRegistry registry https://registry.npmjs.org/
15 silly mapToRegistry data Result {
15 silly mapToRegistry   raw: 'yarn',
15 silly mapToRegistry   scope: null,
15 silly mapToRegistry   name: 'yarn',
15 silly mapToRegistry   rawSpec: '',
15 silly mapToRegistry   spec: 'latest',
15 silly mapToRegistry   type: 'tag' }
16 silly mapToRegistry uri https://registry.npmjs.org/yarn
17 verbose addNameTag registry:https://registry.npmjs.org/yarn not in flight; fetching
18 verbose request uri https://registry.npmjs.org/yarn
19 verbose request no auth needed
20 info attempt registry request try #1 at 14:03:41
21 verbose request id b0bb03df58644d63
22 http request GET https://registry.npmjs.org/yarn
23 http 200 https://registry.npmjs.org/yarn
24 verbose headers { date: 'Sun, 19 Aug 2018 17:03:42 GMT',
24 verbose headers   'content-type': 'application/json; charset=UTF-8',
24 verbose headers   'transfer-encoding': 'chunked',
24 verbose headers   connection: 'keep-alive',
24 verbose headers   'set-cookie': [ '__cfduid=dcc7917f6207540d322df2e0f839c44551534698221; expires=Mon, 19-Aug-19 17:03:41 GMT; path=/; domain=.registry.npmjs.org; HttpOnly' ],
24 verbose headers   'cf-cache-status': 'REVALIDATED',
24 verbose headers   'cache-control': 'max-age=300',
24 verbose headers   'cf-ray': '44ce31ec6fe66779-EZE',
24 verbose headers   etag: 'W/"3bffbb3c57368188024fa153145af21b"',
24 verbose headers   'expect-ct': 'max-age=604800, report-uri="https://report-uri.cloudflare.com/cdn-cgi/beacon/expect-ct"',
24 verbose headers   'last-modified': 'Fri, 03 Aug 2018 20:58:08 GMT',
24 verbose headers   vary: 'accept-encoding, accept',
24 verbose headers   server: 'cloudflare',
24 verbose headers   'content-encoding': 'gzip' }
25 silly get cb [ 200,
25 silly get   { date: 'Sun, 19 Aug 2018 17:03:42 GMT',
25 silly get     'content-type': 'application/json; charset=UTF-8',
25 silly get     'transfer-encoding': 'chunked',
25 silly get     connection: 'keep-alive',
25 silly get     'set-cookie': [ '__cfduid=dcc7917f6207540d322df2e0f839c44551534698221; expires=Mon, 19-Aug-19 17:03:41 GMT; path=/; domain=.registry.npmjs.org; HttpOnly' ],
25 silly get     'cf-cache-status': 'REVALIDATED',
25 silly get     'cache-control': 'max-age=300',
25 silly get     'cf-ray': '44ce31ec6fe66779-EZE',
25 silly get     etag: 'W/"3bffbb3c57368188024fa153145af21b"',
25 silly get     'expect-ct': 'max-age=604800, report-uri="https://report-uri.cloudflare.com/cdn-cgi/beacon/expect-ct"',
25 silly get     'last-modified': 'Fri, 03 Aug 2018 20:58:08 GMT',
25 silly get     vary: 'accept-encoding, accept',
25 silly get     server: 'cloudflare',
25 silly get     'content-encoding': 'gzip' } ]
26 verbose get saving yarn to /home/claudiomrussi/.npm/registry.npmjs.org/yarn/.cache.json
27 verbose correctMkdir /home/claudiomrussi/.npm correctMkdir not in flight; initializing
28 verbose makeDirectory /home/claudiomrussi/.npm creation not in flight; initializing
29 silly makeDirectory /home/claudiomrussi/.npm uid: 1000 gid: 1000
30 silly addNameTag next cb for yarn with tag latest
31 silly addNamed yarn@1.9.4
32 verbose addNamed "1.9.4" is a plain semver version for yarn
33 silly mapToRegistry name yarn
34 silly mapToRegistry using default registry
35 silly mapToRegistry registry https://registry.npmjs.org/
36 silly mapToRegistry data Result {
36 silly mapToRegistry   raw: 'yarn',
36 silly mapToRegistry   scope: null,
36 silly mapToRegistry   name: 'yarn',
36 silly mapToRegistry   rawSpec: '',
36 silly mapToRegistry   spec: 'latest',
36 silly mapToRegistry   type: 'tag' }
37 silly mapToRegistry uri https://registry.npmjs.org/yarn
38 verbose addRemoteTarball https://registry.npmjs.org/yarn/-/yarn-1.9.4.tgz not in flight; adding
39 verbose addRemoteTarball [ 'https://registry.npmjs.org/yarn/-/yarn-1.9.4.tgz',
39 verbose addRemoteTarball   '3b82d8446b652775723900b470d966861976924b' ]
40 info retry fetch attempt 1 at 14:03:42
41 info attempt registry request try #1 at 14:03:42
42 http fetch GET https://registry.npmjs.org/yarn/-/yarn-1.9.4.tgz
43 http fetch 200 https://registry.npmjs.org/yarn/-/yarn-1.9.4.tgz
44 silly fetchAndShaCheck shasum 3b82d8446b652775723900b470d966861976924b
45 verbose addTmpTarball /tmp/npm-7870-ba2e5baf/registry.npmjs.org/yarn/-/yarn-1.9.4.tgz not in flight; adding
46 verbose addTmpTarball already have metadata; skipping unpack for yarn@1.9.4
47 verbose correctMkdir /home/claudiomrussi/.npm correctMkdir not in flight; initializing
48 silly cache afterAdd yarn@1.9.4
49 verbose afterAdd /home/claudiomrussi/.npm/yarn/1.9.4/package/package.json not in flight; writing
50 verbose correctMkdir /home/claudiomrussi/.npm correctMkdir not in flight; initializing
51 verbose afterAdd /home/claudiomrussi/.npm/yarn/1.9.4/package/package.json written
52 silly install resolved [ { name: 'yarn',
52 silly install resolved     installationMethod: 'tar',
52 silly install resolved     version: '1.9.4',
52 silly install resolved     license: 'BSD-2-Clause',
52 silly install resolved     preferGlobal: true,
52 silly install resolved     description: 'ðŸ“¦ðŸˆ Fast, reliable, and secure dependency management.',
52 silly install resolved     resolutions: { sshpk: '^1.14.2' },
52 silly install resolved     engines: { node: '>=4.0.0' },
52 silly install resolved     repository: { type: 'git', url: 'git+https://github.com/yarnpkg/yarn.git' },
52 silly install resolved     bin: { yarn: './bin/yarn.js', yarnpkg: './bin/yarn.js' },
52 silly install resolved     config: { commitizen: [Object] },
52 silly install resolved     bugs: { url: 'https://github.com/yarnpkg/yarn/issues' },
52 silly install resolved     homepage: 'https://github.com/yarnpkg/yarn#readme',
52 silly install resolved     _id: 'yarn@1.9.4',
52 silly install resolved     _shasum: '3b82d8446b652775723900b470d966861976924b',
52 silly install resolved     _resolved: 'https://registry.npmjs.org/yarn/-/yarn-1.9.4.tgz',
52 silly install resolved     _from: 'yarn@latest',
52 silly install resolved     _npmVersion: '4.6.1',
52 silly install resolved     _nodeVersion: '8.6.0',
52 silly install resolved     _npmUser: { name: 'danbuild', email: 'build@dan.cx' },
52 silly install resolved     dist:
52 silly install resolved      { shasum: '3b82d8446b652775723900b470d966861976924b',
52 silly install resolved        tarball: 'https://registry.npmjs.org/yarn/-/yarn-1.9.4.tgz',
52 silly install resolved        fileCount: 12,
52 silly install resolved        unpackedSize: 4361167 },
52 silly install resolved     maintainers: [ [Object], [Object], [Object], [Object], [Object], [Object] ],
52 silly install resolved     directories: {},
52 silly install resolved     _npmOperationalInternal:
52 silly install resolved      { host: 's3://npm-registry-packages',
52 silly install resolved        tmp: 'tmp/yarn_1.9.4_1533329886654_0.8963161743849346' } } ]
53 info install yarn@1.9.4 into /usr/lib
54 info installOne yarn@1.9.4
55 verbose installOne of yarn to /usr/lib not in flight; installing
56 verbose correctMkdir /home/claudiomrussi/.npm/_locks correctMkdir not in flight; initializing
57 verbose makeDirectory /home/claudiomrussi/.npm/_locks creation not in flight; initializing
58 silly makeDirectory /home/claudiomrussi/.npm/_locks uid: 1000 gid: 1000
59 verbose lock using /home/claudiomrussi/.npm/_locks/yarn-2c7ecc5d16f3d756.lock for /usr/lib/node_modules/yarn
60 silly install write writing yarn 1.9.4 to /usr/lib/node_modules/yarn
61 verbose unbuild lib/node_modules/yarn
62 silly gentlyRm /usr/lib/node_modules/yarn is being purged from base /usr
63 verbose gentlyRm don't care about contents; nuking /usr/lib/node_modules/yarn
64 verbose tar unpack /home/claudiomrussi/.npm/yarn/1.9.4/package.tgz
65 verbose tar unpacking to /usr/lib/node_modules/yarn
66 silly gentlyRm /usr/lib/node_modules/yarn is being purged
67 verbose gentlyRm don't care about contents; nuking /usr/lib/node_modules/yarn
68 silly gunzTarPerm modes [ '775', '664' ]
69 error tar.unpack untar error /home/claudiomrussi/.npm/yarn/1.9.4/package.tgz
70 verbose unlock done using /home/claudiomrussi/.npm/_locks/yarn-2c7ecc5d16f3d756.lock for /usr/lib/node_modules/yarn
71 verbose fstream_path /usr/lib/node_modules/yarn
72 verbose fstream_type Directory
73 verbose fstream_class DirWriter
74 verbose stack Error: EACCES: permission denied, mkdir '/usr/lib/node_modules/yarn'
74 verbose stack     at Error (native)
75 verbose fstream_stack /usr/lib/node_modules/npm/node_modules/fstream/lib/dir-writer.js:35:25
75 verbose fstream_stack /usr/lib/node_modules/npm/node_modules/mkdirp/index.js:47:53
75 verbose fstream_stack FSReqWrap.oncomplete (fs.js:82:15)
76 verbose cwd /home/claudiomrussi/Escritorio/alex
77 error Linux 4.4.0-133-generic
78 error argv "/usr/bin/node" "/usr/bin/npm" "install" "yarn" "-g"
79 error node v4.9.1
80 error npm  v2.15.11
81 error path /usr/lib/node_modules/yarn
82 error code EACCES
83 error errno -13
84 error syscall mkdir
85 error Error: EACCES: permission denied, mkdir '/usr/lib/node_modules/yarn'
85 error     at Error (native)
85 error  { [Error: EACCES: permission denied, mkdir '/usr/lib/node_modules/yarn']
85 error   errno: -13,
85 error   code: 'EACCES',
85 error   syscall: 'mkdir',
85 error   path: '/usr/lib/node_modules/yarn',
85 error   fstream_type: 'Directory',
85 error   fstream_path: '/usr/lib/node_modules/yarn',
85 error   fstream_class: 'DirWriter',
85 error   fstream_stack:
85 error    [ '/usr/lib/node_modules/npm/node_modules/fstream/lib/dir-writer.js:35:25',
85 error      '/usr/lib/node_modules/npm/node_modules/mkdirp/index.js:47:53',
85 error      'FSReqWrap.oncomplete (fs.js:82:15)' ] }
86 error Please try running this command again as root/Administrator.
87 verbose exit [ -13, true ]
88 verbose unbuild lib/node_modules/yarn
89 silly gentlyRm /usr/lib/node_modules/yarn is being purged from base /usr
90 verbose gentlyRm don't care about contents; nuking /usr/lib/node_modules/yarn
